2017-03-19 21:09:31,702 ERROR c.g.c.d.c.ScreenManager [JavaFX Application Thread] class javafx.fxml.LoadException - 
/Volumes/Studia/Programowanie/Projekty/IntelliJ/Repository/GenealogyTreeProject/Client%20Desktop/target/classes/layout/screen/menu.fxml:9

2017-03-19 21:09:31,704 ERROR c.g.c.d.c.ScreenManager [JavaFX Application Thread] java.lang.RuntimeException: java.net.MalformedURLException: no protocol: layout/styles/mainstyle.css
2017-03-19 21:10:00,155 ERROR c.g.c.d.c.ScreenManager [JavaFX Application Thread] class javafx.fxml.LoadException - 
/Volumes/Studia/Programowanie/Projekty/IntelliJ/Repository/GenealogyTreeProject/Client%20Desktop/target/classes/layout/screen/menu.fxml:9

2017-03-19 21:10:00,157 ERROR c.g.c.d.c.ScreenManager [JavaFX Application Thread] java.lang.RuntimeException: java.net.MalformedURLException: no protocol: layout/styles/gentree.css
2017-03-19 21:11:02,377 ERROR c.g.c.d.c.ScreenManager [JavaFX Application Thread] class javafx.fxml.LoadException - No resources specified.
/Volumes/Studia/Programowanie/Projekty/IntelliJ/Repository/GenealogyTreeProject/Client%20Desktop/target/classes/layout/screen/menu.fxml:18

2017-03-19 21:11:02,379 ERROR c.g.c.d.c.ScreenManager [JavaFX Application Thread] null
2017-03-19 21:23:16,436 ERROR c.g.c.d.c.ScreenManager [JavaFX Application Thread] class javafx.fxml.LoadException - No resources specified.
/Volumes/Studia/Programowanie/Projekty/IntelliJ/Repository/GenealogyTreeProject/Client%20Desktop/target/classes/layout/screen/menu.fxml:18

2017-03-19 21:23:16,437 ERROR c.g.c.d.c.ScreenManager [JavaFX Application Thread] null
2017-03-19 21:39:58,677 ERROR c.g.c.d.c.ScreenManager [JavaFX Application Thread] class javafx.fxml.LoadException - No resources specified.
/Volumes/Studia/Programowanie/Projekty/IntelliJ/Repository/GenealogyTreeProject/Client%20Desktop/target/classes/layout/screen/menu.fxml:18

2017-03-19 21:39:58,679 ERROR c.g.c.d.c.ScreenManager [JavaFX Application Thread] null
2017-03-19 21:42:23,365 ERROR c.g.c.d.c.ScreenManager [JavaFX Application Thread] class javafx.fxml.LoadException - No resources specified.
/Volumes/Studia/Programowanie/Projekty/IntelliJ/Repository/GenealogyTreeProject/Client%20Desktop/target/classes/layout/screen/menu.fxml:18

2017-03-19 21:42:23,369 ERROR c.g.c.d.c.ScreenManager [JavaFX Application Thread] null
2017-03-19 21:54:20,436 ERROR c.g.c.d.c.ScreenManager [JavaFX Application Thread] class javafx.fxml.LoadException - No resources specified.
/Volumes/Studia/Programowanie/Projekty/IntelliJ/Repository/GenealogyTreeProject/Client%20Desktop/target/classes/layout/screen/menu.fxml:21

2017-03-19 21:54:20,438 ERROR c.g.c.d.c.ScreenManager [JavaFX Application Thread] null
2017-03-19 22:15:54,095 ERROR c.g.c.d.c.ScreenManager [JavaFX Application Thread] class javafx.fxml.LoadException - 
/Volumes/Studia/Programowanie/Projekty/IntelliJ/Repository/GenealogyTreeProject/Client%20Desktop/target/classes/layout/screen/menu.fxml:11

2017-03-19 22:15:54,097 ERROR c.g.c.d.c.ScreenManager [JavaFX Application Thread] java.lang.RuntimeException: java.net.MalformedURLException: no protocol: layout/style/gentree.css
2017-03-19 22:47:05,285 ERROR c.g.c.d.c.ScreenManager [JavaFX Application Thread] class java.lang.IllegalStateException - Location is not set.
2017-03-19 22:47:05,287 ERROR c.g.c.d.c.ScreenManager [JavaFX Application Thread] null
2017-03-19 22:47:44,382 ERROR c.g.c.d.c.ScreenManager [JavaFX Application Thread] class java.lang.IllegalStateException - Location is not set.
2017-03-19 22:47:44,383 ERROR c.g.c.d.c.ScreenManager [JavaFX Application Thread] null
2017-03-19 22:50:45,445 ERROR c.g.c.d.c.ScreenManager [JavaFX Application Thread] class java.lang.IllegalStateException - Location is not set.
2017-03-19 22:50:45,447 ERROR c.g.c.d.c.ScreenManager [JavaFX Application Thread] null
2017-03-19 22:50:57,550 ERROR c.g.c.d.c.ScreenManager [JavaFX Application Thread] class java.lang.IllegalStateException - Location is not set.
2017-03-19 22:50:57,552 ERROR c.g.c.d.c.ScreenManager [JavaFX Application Thread] null
2017-03-19 22:53:34,465 ERROR c.g.c.d.c.ScreenManager [JavaFX Application Thread] class java.lang.NullPointerException - null
2017-03-19 22:53:34,467 ERROR c.g.c.d.c.ScreenManager [JavaFX Application Thread] null
2017-03-19 22:54:28,595 ERROR c.g.c.d.c.ScreenManager [JavaFX Application Thread] class java.lang.NullPointerException - null
2017-03-19 22:54:28,598 ERROR c.g.c.d.c.ScreenManager [JavaFX Application Thread] null
2017-03-19 22:56:10,417 ERROR c.g.c.d.c.ScreenManager [JavaFX Application Thread] class java.lang.NullPointerException - null
2017-03-19 22:56:10,419 ERROR c.g.c.d.c.ScreenManager [JavaFX Application Thread] null
2017-03-19 22:56:27,667 ERROR c.g.c.d.c.ScreenManager [JavaFX Application Thread] class java.lang.NullPointerException - null
2017-03-19 22:56:27,669 ERROR c.g.c.d.c.ScreenManager [JavaFX Application Thread] null
2017-03-19 22:56:56,944 ERROR c.g.c.d.c.ScreenManager [JavaFX Application Thread] class java.lang.NullPointerException - null
2017-03-19 22:56:56,945 ERROR c.g.c.d.c.ScreenManager [JavaFX Application Thread] null
2017-03-25 14:27:40,727 ERROR c.g.c.d.c.ScreenManager [JavaFX Application Thread] class javafx.fxml.LoadException - 
/Volumes/Studia/Programowanie/Projekty/IntelliJ/Repository/GenealogyTreeProject/Client%20Desktop/target/classes/layout/screen/chose-mode-screen.fxml

2017-03-25 14:27:40,729 ERROR c.g.c.d.c.ScreenManager [JavaFX Application Thread] java.lang.NullPointerException
2017-03-25 14:28:15,472 ERROR c.g.c.d.c.ScreenManager [JavaFX Application Thread] class javafx.fxml.LoadException - 
/Volumes/Studia/Programowanie/Projekty/IntelliJ/Repository/GenealogyTreeProject/Client%20Desktop/target/classes/layout/screen/chose-mode-screen.fxml

2017-03-25 14:28:15,474 ERROR c.g.c.d.c.ScreenManager [JavaFX Application Thread] java.lang.NullPointerException
2017-03-25 15:14:48,117 ERROR c.g.c.d.c.ScreenManager [JavaFX Application Thread] class javafx.fxml.LoadException - 
/Volumes/Studia/Programowanie/Projekty/IntelliJ/Repository/GenealogyTreeProject/Client%20Desktop/target/classes/layout/screen/chose-mode-screen.fxml

2017-03-25 15:14:48,120 ERROR c.g.c.d.c.ScreenManager [JavaFX Application Thread] java.lang.NullPointerException
2017-03-25 15:15:53,266 ERROR c.g.c.d.c.ScreenManager [JavaFX Application Thread] class java.lang.NullPointerException - null
2017-03-25 15:15:53,268 ERROR c.g.c.d.c.ScreenManager [JavaFX Application Thread] null
2017-03-25 15:15:53,269 ERROR c.g.c.d.c.ScreenManager [JavaFX Application Thread] class java.lang.NullPointerException - null
2017-03-25 15:15:53,270 ERROR c.g.c.d.c.ScreenManager [JavaFX Application Thread] null
2017-03-25 15:15:53,270 ERROR c.g.c.d.c.ScreenManager [JavaFX Application Thread] class javafx.fxml.LoadException - 
/Volumes/Studia/Programowanie/Projekty/IntelliJ/Repository/GenealogyTreeProject/Client%20Desktop/target/classes/layout/screen/chose-mode-screen.fxml

2017-03-25 15:15:53,270 ERROR c.g.c.d.c.ScreenManager [JavaFX Application Thread] java.lang.NullPointerException
2017-03-25 15:16:34,554 ERROR c.g.c.d.c.ScreenManager [JavaFX Application Thread] class java.lang.NullPointerException - null
2017-03-25 15:16:34,555 ERROR c.g.c.d.c.ScreenManager [JavaFX Application Thread] null
2017-03-25 15:16:34,556 ERROR c.g.c.d.c.ScreenManager [JavaFX Application Thread] class java.lang.NullPointerException - null
2017-03-25 15:16:34,556 ERROR c.g.c.d.c.ScreenManager [JavaFX Application Thread] null
2017-03-25 15:16:34,557 ERROR c.g.c.d.c.ScreenManager [JavaFX Application Thread] class javafx.fxml.LoadException - 
/Volumes/Studia/Programowanie/Projekty/IntelliJ/Repository/GenealogyTreeProject/Client%20Desktop/target/classes/layout/screen/chose-mode-screen.fxml

2017-03-25 15:16:34,557 ERROR c.g.c.d.c.ScreenManager [JavaFX Application Thread] java.lang.NullPointerException
2017-03-25 15:18:32,783 ERROR c.g.c.d.c.ScreenManager [JavaFX Application Thread] class java.lang.NullPointerException - null
2017-03-25 15:18:32,785 ERROR c.g.c.d.c.ScreenManager [JavaFX Application Thread] null
2017-03-25 15:18:32,786 ERROR c.g.c.d.c.ScreenManager [JavaFX Application Thread] class java.lang.NullPointerException - null
2017-03-25 15:18:32,786 ERROR c.g.c.d.c.ScreenManager [JavaFX Application Thread] null
2017-03-25 15:18:32,787 ERROR c.g.c.d.c.ScreenManager [JavaFX Application Thread] class javafx.fxml.LoadException - 
/Volumes/Studia/Programowanie/Projekty/IntelliJ/Repository/GenealogyTreeProject/Client%20Desktop/target/classes/layout/screen/chose-mode-screen.fxml

2017-03-25 15:18:32,787 ERROR c.g.c.d.c.ScreenManager [JavaFX Application Thread] java.lang.NullPointerException
2017-03-25 15:20:10,276 ERROR c.g.c.d.c.ScreenManager [JavaFX Application Thread] class java.lang.NullPointerException - null
2017-03-25 15:20:10,278 ERROR c.g.c.d.c.ScreenManager [JavaFX Application Thread] null
2017-03-25 15:20:10,279 ERROR c.g.c.d.c.ScreenManager [JavaFX Application Thread] class java.lang.NullPointerException - null
2017-03-25 15:20:10,279 ERROR c.g.c.d.c.ScreenManager [JavaFX Application Thread] null
2017-03-25 15:20:10,279 ERROR c.g.c.d.c.ScreenManager [JavaFX Application Thread] class javafx.fxml.LoadException - 
/Volumes/Studia/Programowanie/Projekty/IntelliJ/Repository/GenealogyTreeProject/Client%20Desktop/target/classes/layout/screen/chose-mode-screen.fxml

2017-03-25 15:20:10,281 ERROR c.g.c.d.c.ScreenManager [JavaFX Application Thread] java.lang.NullPointerException
2017-03-25 15:20:42,990 ERROR c.g.c.d.c.ScreenManager [JavaFX Application Thread] class java.lang.IllegalStateException - Location is not set.
2017-03-25 15:20:42,993 ERROR c.g.c.d.c.ScreenManager [JavaFX Application Thread] null
2017-03-25 15:20:42,994 ERROR c.g.c.d.c.ScreenManager [JavaFX Application Thread] class java.lang.IllegalStateException - Location is not set.
2017-03-25 15:20:42,994 ERROR c.g.c.d.c.ScreenManager [JavaFX Application Thread] null
2017-03-25 15:21:41,791 ERROR c.g.c.d.c.ScreenManager [JavaFX Application Thread] class java.lang.NullPointerException - null
2017-03-25 15:21:41,793 ERROR c.g.c.d.c.ScreenManager [JavaFX Application Thread] null
2017-03-25 15:21:41,794 ERROR c.g.c.d.c.ScreenManager [JavaFX Application Thread] class java.lang.NullPointerException - null
2017-03-25 15:21:41,794 ERROR c.g.c.d.c.ScreenManager [JavaFX Application Thread] null
2017-03-25 15:21:41,795 ERROR c.g.c.d.c.ScreenManager [JavaFX Application Thread] class javafx.fxml.LoadException - 
/Volumes/Studia/Programowanie/Projekty/IntelliJ/Repository/GenealogyTreeProject/Client%20Desktop/target/classes/layout/screen/chose-mode-screen.fxml

2017-03-25 15:21:41,795 ERROR c.g.c.d.c.ScreenManager [JavaFX Application Thread] java.lang.NullPointerException
2017-03-25 15:27:50,266 ERROR c.g.c.d.c.ScreenManager [JavaFX Application Thread] class java.lang.NullPointerException - null
2017-03-25 15:27:50,267 ERROR c.g.c.d.c.ScreenManager [JavaFX Application Thread] null
2017-03-25 15:27:50,268 ERROR c.g.c.d.c.ScreenManager [JavaFX Application Thread] class java.lang.NullPointerException - null
2017-03-25 15:27:50,268 ERROR c.g.c.d.c.ScreenManager [JavaFX Application Thread] null
2017-03-25 15:27:50,269 ERROR c.g.c.d.c.ScreenManager [JavaFX Application Thread] class javafx.fxml.LoadException - 
/Volumes/Studia/Programowanie/Projekty/IntelliJ/Repository/GenealogyTreeProject/Client%20Desktop/target/classes/layout/screen/chose-mode-screen.fxml

2017-03-25 15:27:50,269 ERROR c.g.c.d.c.ScreenManager [JavaFX Application Thread] java.lang.NullPointerException
2017-03-25 15:30:17,455 ERROR c.g.c.d.c.ScreenManager [JavaFX Application Thread] class java.lang.IllegalStateException - Location is not set.
2017-03-25 15:30:17,456 ERROR c.g.c.d.c.ScreenManager [JavaFX Application Thread] null
2017-03-25 15:30:17,457 ERROR c.g.c.d.c.ScreenManager [JavaFX Application Thread] class java.lang.IllegalStateException - Location is not set.
2017-03-25 15:30:17,457 ERROR c.g.c.d.c.ScreenManager [JavaFX Application Thread] null
2017-03-25 15:33:54,235 ERROR c.g.c.d.c.ScreenManager [JavaFX Application Thread] class java.lang.IllegalStateException - Location is not set.
2017-03-25 15:33:54,238 ERROR c.g.c.d.c.ScreenManager [JavaFX Application Thread] null
2017-03-25 15:33:54,239 ERROR c.g.c.d.c.ScreenManager [JavaFX Application Thread] class java.lang.IllegalStateException - Location is not set.
2017-03-25 15:33:54,240 ERROR c.g.c.d.c.ScreenManager [JavaFX Application Thread] null
2017-03-25 15:35:10,546 ERROR c.g.c.d.c.ScreenManager [JavaFX Application Thread] class java.lang.IllegalStateException - Location is not set.
2017-03-25 15:35:10,548 ERROR c.g.c.d.c.ScreenManager [JavaFX Application Thread] null
2017-03-25 15:35:10,548 ERROR c.g.c.d.c.ScreenManager [JavaFX Application Thread] class java.lang.IllegalStateException - Location is not set.
2017-03-25 15:35:10,548 ERROR c.g.c.d.c.ScreenManager [JavaFX Application Thread] null
2017-03-25 15:39:42,117 ERROR c.g.c.d.c.ScreenManager [JavaFX Application Thread] class javafx.fxml.LoadException - 
/Volumes/Studia/Programowanie/Projekty/IntelliJ/Repository/GenealogyTreeProject/Client%20Desktop/target/classes/layout/screen/chose-mode-screen.fxml

2017-03-25 15:39:42,118 ERROR c.g.c.d.c.ScreenManager [JavaFX Application Thread] java.lang.NullPointerException
2017-03-25 15:43:01,473 ERROR c.g.c.d.c.ScreenManager [JavaFX Application Thread] class javafx.fxml.LoadException - 
/Volumes/Studia/Programowanie/Projekty/IntelliJ/Repository/GenealogyTreeProject/Client%20Desktop/target/classes/layout/screen/chose-mode-screen.fxml

2017-03-25 15:43:01,474 ERROR c.g.c.d.c.ScreenManager [JavaFX Application Thread] java.lang.NullPointerException
2017-03-25 15:44:12,033 ERROR c.g.c.d.c.ScreenManager [JavaFX Application Thread] class java.lang.IllegalStateException - Location is not set.
2017-03-25 15:44:12,034 ERROR c.g.c.d.c.ScreenManager [JavaFX Application Thread] null
2017-03-25 15:54:42,169 ERROR c.g.c.d.c.ScreenManager [JavaFX Application Thread] class java.lang.IllegalStateException - Location is not set.
2017-03-25 15:54:42,170 ERROR c.g.c.d.c.ScreenManager [JavaFX Application Thread] null
2017-03-25 16:04:44,094 ERROR c.g.c.d.c.ScreenManager [JavaFX Application Thread] class javafx.fxml.LoadException - 
/Volumes/Studia/Programowanie/Projekty/IntelliJ/Repository/GenealogyTreeProject/Client%20Desktop/target/classes/layout/screen/DialogNewProject.fxml:10

2017-03-25 16:04:44,095 ERROR c.g.c.d.c.ScreenManager [JavaFX Application Thread] java.lang.ClassNotFoundException: com.genealogytree.application.fxmlcontrollers.DialogNewProjectController
2017-03-25 16:13:38,617 ERROR c.g.c.d.c.ScreenManager [JavaFX Application Thread] class javafx.fxml.LoadException - 
/Volumes/Studia/Programowanie/Projekty/IntelliJ/Repository/GenealogyTreeProject/Client%20Desktop/target/classes/layout/screen/PaneGenealogyTreeDraw.fxml:9

2017-03-25 16:13:38,619 ERROR c.g.c.d.c.ScreenManager [JavaFX Application Thread] java.lang.ClassNotFoundException: com.genealogytree.application.fxmlcontrollers.PaneGenealogyTreeDrawController
2017-03-25 16:13:38,623 ERROR c.g.c.d.c.ScreenManager [JavaFX Application Thread] class javafx.fxml.LoadException - 
/Volumes/Studia/Programowanie/Projekty/IntelliJ/Repository/GenealogyTreeProject/Client%20Desktop/target/classes/layout/screen/PaneMainApplicationWindow.fxml

2017-03-25 16:13:38,623 ERROR c.g.c.d.c.ScreenManager [JavaFX Application Thread] java.lang.NullPointerException
2017-03-25 23:14:49,641 ERROR c.g.c.d.c.ScreenManager [JavaFX Application Thread] class javafx.fxml.LoadException - 
/Volumes/Studia/Programowanie/Projekty/IntelliJ/Repository/GenealogyTreeProject/Client%20Desktop/target/classes/layout/screen/TabInfoRelation.fxml

2017-03-25 23:14:49,644 ERROR c.g.c.d.c.ScreenManager [JavaFX Application Thread] java.lang.IllegalStateException: Location is not set.
2017-03-25 23:17:54,376 ERROR c.g.c.d.c.ScreenManager [JavaFX Application Thread] class javafx.fxml.LoadException - 
/Volumes/Studia/Programowanie/Projekty/IntelliJ/Repository/GenealogyTreeProject/Client%20Desktop/target/classes/layout/screen/TabInfoRelation.fxml

2017-03-25 23:17:54,377 ERROR c.g.c.d.c.ScreenManager [JavaFX Application Thread] java.lang.IllegalStateException: Location is not set.
2017-03-25 23:18:23,441 ERROR c.g.c.d.c.ScreenManager [JavaFX Application Thread] class javafx.fxml.LoadException - 
/Volumes/Studia/Programowanie/Projekty/IntelliJ/Repository/GenealogyTreeProject/Client%20Desktop/target/classes/layout/screen/TabInfoRelation.fxml

2017-03-25 23:18:23,442 ERROR c.g.c.d.c.ScreenManager [JavaFX Application Thread] java.lang.IllegalStateException: Location is not set.
2017-03-25 23:20:00,936 ERROR c.g.c.d.c.ScreenManager [JavaFX Application Thread] class javafx.fxml.LoadException - 
/Volumes/Studia/Programowanie/Projekty/IntelliJ/Repository/GenealogyTreeProject/Client%20Desktop/target/classes/layout/screen/TabInfoRelation.fxml

2017-03-25 23:20:00,937 ERROR c.g.c.d.c.ScreenManager [JavaFX Application Thread] java.lang.IllegalStateException: Location is not set.
