2016-11-09 01:57:59,808 INFO c.g.GenealogyTree [JavaFX Application Thread] Start Application: com.genealogytree.GenealogyTree@3fe68f7c
2016-11-09 01:57:59,815 INFO c.g.a.ScreenManager [JavaFX Application Thread] Initialisation ScreenManager:  com.genealogytree.application.ScreenManager@219c4c5f
2016-11-09 02:03:41,565 INFO c.g.GenealogyTree [JavaFX Application Thread] Start Application: com.genealogytree.GenealogyTree@3fe68f7c
2016-11-09 02:03:41,570 INFO c.g.a.ScreenManager [JavaFX Application Thread] Initialisation ScreenManager:  com.genealogytree.application.ScreenManager@219c4c5f
2016-11-09 02:05:55,660 INFO c.g.GenealogyTree [JavaFX Application Thread] Start Application: com.genealogytree.GenealogyTree@5a67f054
2016-11-09 02:05:55,665 INFO c.g.a.ScreenManager [JavaFX Application Thread] Initialisation ScreenManager:  com.genealogytree.application.ScreenManager@585ba309
2016-11-09 02:05:55,925 INFO c.g.a.f.MainWindow [JavaFX Application Thread] Initialisation MainWindow:  com.genealogytree.application.fxmlcontrollers.MainWindow@71f076bf
2016-11-09 02:05:55,994 INFO c.g.a.f.MenuBarController [JavaFX Application Thread] Initialisation MenuBarController:  com.genealogytree.application.fxmlcontrollers.MenuBarController@5bf6eb45
2016-11-09 02:05:56,008 INFO c.g.a.f.FooterController [JavaFX Application Thread] Initialisation FooterController:  com.genealogytree.application.fxmlcontrollers.FooterController@4c8745b0
2016-11-09 02:05:56,010 INFO c.g.a.f.ChooseApplicationType [JavaFX Application Thread] Initialisation ChooseApplicationType:  com.genealogytree.application.fxmlcontrollers.ChooseApplicationType@243be6e4
2016-11-09 02:05:56,214 INFO c.g.a.f.LocalApplicationChoiceController [JavaFX Application Thread] Initialisation LocalApplicationChoiceController:  com.genealogytree.application.fxmlcontrollers.LocalApplicationChoiceController@3d36b2c1
2016-11-09 02:05:56,217 INFO c.g.a.f.OnlineApplicationChoiceController [JavaFX Application Thread] Initialisation OnlineApplicationChoiceController:  com.genealogytree.application.fxmlcontrollers.OnlineApplicationChoiceController@6055ce5a
2016-11-09 02:06:48,582 INFO c.g.GenealogyTree [JavaFX Application Thread] Start Application: com.genealogytree.GenealogyTree@321da5f5
2016-11-09 02:06:48,587 INFO c.g.a.ScreenManager [JavaFX Application Thread] Initialisation ScreenManager:  com.genealogytree.application.ScreenManager@4627eee9
2016-11-09 02:06:48,885 INFO c.g.a.f.MainWindow [JavaFX Application Thread] Initialisation MainWindow:  com.genealogytree.application.fxmlcontrollers.MainWindow@4e4c0e0c
2016-11-09 02:06:48,940 INFO c.g.a.f.MenuBarController [JavaFX Application Thread] Initialisation MenuBarController:  com.genealogytree.application.fxmlcontrollers.MenuBarController@79bae26
2016-11-09 02:06:48,953 INFO c.g.a.f.FooterController [JavaFX Application Thread] Initialisation FooterController:  com.genealogytree.application.fxmlcontrollers.FooterController@dcd3e1d
2016-11-09 02:06:48,956 INFO c.g.a.f.ChooseApplicationType [JavaFX Application Thread] Initialisation ChooseApplicationType:  com.genealogytree.application.fxmlcontrollers.ChooseApplicationType@1bfb759f
2016-11-09 02:06:49,189 INFO c.g.a.f.LocalApplicationChoiceController [JavaFX Application Thread] Initialisation LocalApplicationChoiceController:  com.genealogytree.application.fxmlcontrollers.LocalApplicationChoiceController@f4b875c
2016-11-09 02:06:49,194 INFO c.g.a.f.OnlineApplicationChoiceController [JavaFX Application Thread] Initialisation OnlineApplicationChoiceController:  com.genealogytree.application.fxmlcontrollers.OnlineApplicationChoiceController@1c3f22e
2016-11-09 02:06:51,864 INFO c.g.a.f.LogonWindowController [JavaFX Application Thread] Initialisation LogonWindowController:  com.genealogytree.application.fxmlcontrollers.LogonWindowController@43ff8eb8
2016-11-09 02:06:51,893 INFO c.g.a.f.LogonFormController [JavaFX Application Thread] Initialisation LogonFormController:  com.genealogytree.application.fxmlcontrollers.LogonFormController@2160b5cf
2016-11-09 02:06:54,905 INFO c.g.a.f.RegisterFormController [JavaFX Application Thread] Initialisation RegisterFormController:  com.genealogytree.application.fxmlcontrollers.RegisterFormController@3628f06a
2016-11-09 02:07:55,317 INFO c.g.GenealogyTree [JavaFX Application Thread] Start Application: com.genealogytree.GenealogyTree@3fe68f7c
2016-11-09 02:07:55,325 INFO c.g.a.ScreenManager [JavaFX Application Thread] Initialisation ScreenManager:  com.genealogytree.application.ScreenManager@219c4c5f
2016-11-09 02:07:55,564 INFO c.g.a.f.MainWindow [JavaFX Application Thread] Initialisation MainWindow:  com.genealogytree.application.fxmlcontrollers.MainWindow@2bc0f275
2016-11-09 02:07:55,618 INFO c.g.a.f.MenuBarController [JavaFX Application Thread] Initialisation MenuBarController:  com.genealogytree.application.fxmlcontrollers.MenuBarController@988bb4f
2016-11-09 02:07:55,631 INFO c.g.a.f.FooterController [JavaFX Application Thread] Initialisation FooterController:  com.genealogytree.application.fxmlcontrollers.FooterController@6fab262c
2016-11-09 02:07:55,633 INFO c.g.a.f.ChooseApplicationType [JavaFX Application Thread] Initialisation ChooseApplicationType:  com.genealogytree.application.fxmlcontrollers.ChooseApplicationType@1273454b
2016-11-09 02:07:55,818 INFO c.g.a.f.LocalApplicationChoiceController [JavaFX Application Thread] Initialisation LocalApplicationChoiceController:  com.genealogytree.application.fxmlcontrollers.LocalApplicationChoiceController@3a2c676c
2016-11-09 02:07:55,821 INFO c.g.a.f.OnlineApplicationChoiceController [JavaFX Application Thread] Initialisation OnlineApplicationChoiceController:  com.genealogytree.application.fxmlcontrollers.OnlineApplicationChoiceController@742565b4
2016-11-09 02:07:57,483 INFO c.g.a.f.LogonWindowController [JavaFX Application Thread] Initialisation LogonWindowController:  com.genealogytree.application.fxmlcontrollers.LogonWindowController@6750bbb1
2016-11-09 02:07:57,508 INFO c.g.a.f.LogonFormController [JavaFX Application Thread] Initialisation LogonFormController:  com.genealogytree.application.fxmlcontrollers.LogonFormController@56014484
2016-11-09 02:07:58,788 INFO c.g.a.f.RegisterFormController [JavaFX Application Thread] Initialisation RegisterFormController:  com.genealogytree.application.fxmlcontrollers.RegisterFormController@74a39798
2016-11-09 02:13:19,724 INFO c.g.GenealogyTree [JavaFX Application Thread] Start Application: com.genealogytree.GenealogyTree@209700c8
2016-11-09 02:13:19,732 INFO c.g.a.ScreenManager [JavaFX Application Thread] Initialisation ScreenManager:  com.genealogytree.application.ScreenManager@2f4687a5
2016-11-09 02:13:20,028 INFO c.g.a.f.MainWindow [JavaFX Application Thread] Initialisation MainWindow:  com.genealogytree.application.fxmlcontrollers.MainWindow@24a45878
2016-11-09 02:13:20,089 INFO c.g.a.f.MenuBarController [JavaFX Application Thread] Initialisation MenuBarController:  com.genealogytree.application.fxmlcontrollers.MenuBarController@3e9510b4
2016-11-09 02:13:20,104 INFO c.g.a.f.FooterController [JavaFX Application Thread] Initialisation FooterController:  com.genealogytree.application.fxmlcontrollers.FooterController@10186fde
2016-11-09 02:13:20,109 INFO c.g.a.f.ChooseApplicationType [JavaFX Application Thread] Initialisation ChooseApplicationType:  com.genealogytree.application.fxmlcontrollers.ChooseApplicationType@3bcb65af
2016-11-09 02:13:20,317 INFO c.g.a.f.LocalApplicationChoiceController [JavaFX Application Thread] Initialisation LocalApplicationChoiceController:  com.genealogytree.application.fxmlcontrollers.LocalApplicationChoiceController@620543c1
2016-11-09 02:13:20,321 INFO c.g.a.f.OnlineApplicationChoiceController [JavaFX Application Thread] Initialisation OnlineApplicationChoiceController:  com.genealogytree.application.fxmlcontrollers.OnlineApplicationChoiceController@790128e4
2016-11-09 02:13:22,204 INFO c.g.a.f.LogonWindowController [JavaFX Application Thread] Initialisation LogonWindowController:  com.genealogytree.application.fxmlcontrollers.LogonWindowController@3016785
2016-11-09 02:13:22,237 INFO c.g.a.f.LogonFormController [JavaFX Application Thread] Initialisation LogonFormController:  com.genealogytree.application.fxmlcontrollers.LogonFormController@43ede831
2016-11-09 02:13:25,464 INFO c.g.a.f.RegisterFormController [JavaFX Application Thread] Initialisation RegisterFormController:  com.genealogytree.application.fxmlcontrollers.RegisterFormController@dd624b3
2016-11-09 02:13:45,856 INFO c.g.a.f.RegisterConfirmationController [JavaFX Application Thread] Initialisation RegisterConfirmationController:  com.genealogytree.application.fxmlcontrollers.RegisterConfirmationController@1f51bdb0
2016-11-09 02:13:48,159 INFO c.g.a.f.MainApplicationWindowController [JavaFX Application Thread] Initialisation MainApplicationWindowController:  com.genealogytree.application.fxmlcontrollers.MainApplicationWindowController@607407df
