2016-11-11 01:31:50,686 ERROR c.g.a.ScreenManager [JavaFX Application Thread] class javafx.fxml.LoadException - 
/Volumes/Studia/Programowanie/Projekty/IntelliJ/Repository/GenealogyTreeProject/ClientDesktop/target/classes/com/genealogytree/application/fxml/WelcomeWindow.fxml

2016-11-11 01:31:50,688 ERROR c.g.a.ScreenManager [JavaFX Application Thread] java.lang.NullPointerException
2016-11-11 01:36:20,592 ERROR c.g.a.ScreenManager [JavaFX Application Thread] class javafx.fxml.LoadException - 
/Volumes/Studia/Programowanie/Projekty/IntelliJ/Repository/GenealogyTreeProject/ClientDesktop/target/classes/com/genealogytree/application/fxml/WelcomeWindow.fxml

2016-11-11 01:36:20,593 ERROR c.g.a.ScreenManager [JavaFX Application Thread] java.lang.NullPointerException
2016-11-11 01:39:41,268 ERROR c.g.a.ScreenManager [JavaFX Application Thread] class javafx.fxml.LoadException - 
/Volumes/Studia/Programowanie/Projekty/IntelliJ/Repository/GenealogyTreeProject/ClientDesktop/target/classes/com/genealogytree/application/fxml/WelcomeWindow.fxml

2016-11-11 01:39:41,271 ERROR c.g.a.ScreenManager [JavaFX Application Thread] java.lang.NullPointerException
2016-11-21 17:45:46,682 ERROR c.g.a.ScreenManager [JavaFX Application Thread] class java.lang.NullPointerException - null
2016-11-21 17:45:46,683 ERROR c.g.a.ScreenManager [JavaFX Application Thread] null
2016-11-23 00:31:54,246 ERROR c.g.a.ScreenManager [JavaFX Application Thread] class java.lang.IllegalStateException - Location is not set.
2016-11-23 00:31:54,248 ERROR c.g.a.ScreenManager [JavaFX Application Thread] null
2016-11-23 00:34:29,259 ERROR c.g.a.ScreenManager [JavaFX Application Thread] class java.lang.IllegalStateException - Location is not set.
2016-11-23 00:34:29,260 ERROR c.g.a.ScreenManager [JavaFX Application Thread] null
2016-11-23 00:36:38,772 ERROR c.g.a.ScreenManager [JavaFX Application Thread] class javafx.fxml.LoadException - Resource "info" not found.
/Volumes/Studia/Programowanie/Projekty/IntelliJ/Repository/GenealogyTreeProject/ClientDesktop/target/classes/com/genealogytree/application/fxml/PaneMainApplicationWindow.fxml:28

2016-11-23 00:36:38,773 ERROR c.g.a.ScreenManager [JavaFX Application Thread] null
2016-11-23 00:53:10,705 ERROR c.g.a.ScreenManager [JavaFX Application Thread] class java.lang.NullPointerException - null
2016-11-23 00:53:10,706 ERROR c.g.a.ScreenManager [JavaFX Application Thread] null
